messagecenter/build/intermediates/manifest_merge_blame_file/debug/manifest-merger-blame-debug-report.txt
1<?xml version="1.0" encoding="utf-8"?>
2<manifest xmlns:android="http://schemas.android.com/apk/res/android"
3    xmlns:tools="http://schemas.android.com/tools"
4    package="com.bafuestate.message"
5    android:versionCode="1"
6    android:versionName="1.0" >
7
8    <uses-sdk
9        android:minSdkVersion="19"
9-->src\main\AndroidManifest.xml
10        android:targetSdkVersion="28" />
10-->src\main\AndroidManifest.xml
11
12    <uses-permission android:name="android.permission.ACCESS_NETWORK_STATE" />
12-->src\main\AndroidManifest.xml:5:5-79
12-->src\main\AndroidManifest.xml:5:22-76
13    <uses-permission android:name="android.permission.ACCESS_WIFI_STATE" />
13-->src\main\AndroidManifest.xml:6:5-76
13-->src\main\AndroidManifest.xml:6:22-73
14    <uses-permission android:name="android.permission.READ_PHONE_STATE" />
14-->src\main\AndroidManifest.xml:7:5-75
14-->src\main\AndroidManifest.xml:7:22-72
15    <uses-permission android:name="android.permission.WRITE_EXTERNAL_STORAGE" />
15-->src\main\AndroidManifest.xml:8:5-81
15-->src\main\AndroidManifest.xml:8:22-78
16    <uses-permission android:name="android.permission.READ_EXTERNAL_STORAGE" />
16-->src\main\AndroidManifest.xml:9:5-80
16-->src\main\AndroidManifest.xml:9:22-77
17    <uses-permission android:name="android.permission.VIBRATE" />
17-->src\main\AndroidManifest.xml:10:5-66
17-->src\main\AndroidManifest.xml:10:22-63
18
19    <application android:theme="@style/AppTheme" >
19-->src\main\AndroidManifest.xml:12:5-74:19
19-->src\main\AndroidManifest.xml:13:9-40
20        <activity
20-->src\main\AndroidManifest.xml:14:9-16:52
21            android:name="com.bafuestate.message.component.video.CameraActivity"
21-->src\main\AndroidManifest.xml:15:13-81
22            android:screenOrientation="portrait" />
22-->src\main\AndroidManifest.xml:16:13-49
23        <activity
23-->src\main\AndroidManifest.xml:17:9-19:52
24            android:name="com.bafuestate.message.component.activity.ChatActivity"
24-->src\main\AndroidManifest.xml:18:13-82
25            android:screenOrientation="portrait" />
25-->src\main\AndroidManifest.xml:19:13-49
26        <activity
26-->src\main\AndroidManifest.xml:20:9-22:77
27            android:name="com.bafuestate.message.component.video.VideoViewActivity"
27-->src\main\AndroidManifest.xml:21:13-84
28            android:configChanges="keyboardHidden|orientation|screenSize" />
28-->src\main\AndroidManifest.xml:22:13-74
29        <activity
29-->src\main\AndroidManifest.xml:23:9-25:52
30            android:name="com.bafuestate.message.component.photoview.PhotoViewActivity"
30-->src\main\AndroidManifest.xml:24:13-88
31            android:screenOrientation="portrait" />
31-->src\main\AndroidManifest.xml:25:13-49
32        <activity
32-->src\main\AndroidManifest.xml:26:9-28:52
33            android:name="com.bafuestate.message.modules.group.info.GroupInfoActivity"
33-->src\main\AndroidManifest.xml:27:13-87
34            android:screenOrientation="portrait" />
34-->src\main\AndroidManifest.xml:28:13-49
35        <activity
35-->src\main\AndroidManifest.xml:29:9-32:52
36            android:name="com.bafuestate.message.modules.group.info.StartGroupMemberSelectActivity"
36-->src\main\AndroidManifest.xml:30:13-100
37            android:launchMode="singleInstance"
37-->src\main\AndroidManifest.xml:31:13-48
38            android:screenOrientation="portrait" />
38-->src\main\AndroidManifest.xml:32:13-49
39        <activity
39-->src\main\AndroidManifest.xml:33:9-35:52
40            android:name="com.bafuestate.message.component.SelectionActivity"
40-->src\main\AndroidManifest.xml:34:13-78
41            android:screenOrientation="portrait" />
41-->src\main\AndroidManifest.xml:35:13-49
42        <activity
42-->src\main\AndroidManifest.xml:36:9-39:73
43            android:name="com.bafuestate.message.modules.group.apply.GroupApplyManagerActivity"
43-->src\main\AndroidManifest.xml:37:13-96
44            android:screenOrientation="portrait"
44-->src\main\AndroidManifest.xml:38:13-49
45            android:windowSoftInputMode="stateAlwaysHidden|adjustPan" />
45-->src\main\AndroidManifest.xml:39:13-70
46        <activity
46-->src\main\AndroidManifest.xml:40:9-43:73
47            android:name="com.bafuestate.message.modules.group.apply.GroupApplyMemberActivity"
47-->src\main\AndroidManifest.xml:41:13-95
48            android:screenOrientation="portrait"
48-->src\main\AndroidManifest.xml:42:13-49
49            android:windowSoftInputMode="stateAlwaysHidden|adjustPan" />
49-->src\main\AndroidManifest.xml:43:13-70
50        <activity
50-->src\main\AndroidManifest.xml:44:9-46:45
51            android:name="com.bafuestate.message.component.activity.ContractsListActivity"
51-->src\main\AndroidManifest.xml:44:19-97
52            android:launchMode="singleTop"
52-->src\main\AndroidManifest.xml:46:13-43
53            android:screenOrientation="portrait" />
53-->src\main\AndroidManifest.xml:45:13-49
54        <activity
54-->src\main\AndroidManifest.xml:47:9-52:63
55            android:name="com.tencent.liteav.trtcvideocalldemo.ui.SelectContactActivity"
55-->src\main\AndroidManifest.xml:48:13-89
56            android:launchMode="singleTop"
56-->src\main\AndroidManifest.xml:49:13-43
57            android:screenOrientation="portrait"
57-->src\main\AndroidManifest.xml:50:13-49
58            android:theme="@style/Theme.AppCompat.NoActionBar"
58-->src\main\AndroidManifest.xml:51:13-63
59            android:windowSoftInputMode="stateAlwaysHidden" />
59-->src\main\AndroidManifest.xml:52:13-60
60        <activity
60-->src\main\AndroidManifest.xml:53:9-57:66
61            android:name="com.tencent.liteav.trtcaudiocalldemo.ui.TRTCAudioCallActivity"
61-->src\main\AndroidManifest.xml:54:13-89
62            android:launchMode="singleTop"
62-->src\main\AndroidManifest.xml:55:13-43
63            android:screenOrientation="portrait"
63-->src\main\AndroidManifest.xml:56:13-49
64            android:theme="@style/Theme.AppCompat.NoActionBar" />
64-->src\main\AndroidManifest.xml:57:13-63
65        <activity
65-->src\main\AndroidManifest.xml:58:9-62:66
66            android:name="com.tencent.liteav.trtcvideocalldemo.ui.TRTCVideoCallActivity"
66-->src\main\AndroidManifest.xml:59:13-89
67            android:launchMode="singleTop"
67-->src\main\AndroidManifest.xml:60:13-43
68            android:screenOrientation="portrait"
68-->src\main\AndroidManifest.xml:61:13-49
69            android:theme="@style/Theme.AppCompat.NoActionBar" />
69-->src\main\AndroidManifest.xml:62:13-63
70
71        <provider
71-->src\main\AndroidManifest.xml:64:9-72:20
72            android:name="com.bafuestate.message.utils.TUIKitFileProvider"
72-->src\main\AndroidManifest.xml:65:13-75
73            android:authorities="com.bafuestate.message.fileprovider"
73-->src\main\AndroidManifest.xml:66:13-70
74            android:exported="false"
74-->src\main\AndroidManifest.xml:67:13-37
75            android:grantUriPermissions="true" >
75-->src\main\AndroidManifest.xml:68:13-47
76            <meta-data
76-->src\main\AndroidManifest.xml:69:13-71:61
77                android:name="android.support.FILE_PROVIDER_PATHS"
77-->src\main\AndroidManifest.xml:70:17-67
78                android:resource="@xml/file_paths_public" />
78-->src\main\AndroidManifest.xml:71:17-58
79        </provider>
80    </application>
81
82</manifest>